<?xml version="1.0" encoding="UTF-8"?>
<testsuite name="scripts.features.kiotvietFeatures.LoginKiotviet" tests="1" skipped="0" failures="0" errors="0" timestamp="2022-11-27T15:47:52" hostname="DESKTOP-68CH9UL" time="12.012">
  <properties/>
  <testcase name="run" classname="scripts.features.kiotvietFeatures.LoginKiotviet" time="12.012"/>
  <system-out><![CDATA[WebBrowser{name='Chrome', version='null', osPlatform='windows'}
Initialize new browser
Goto URL: https://www.kiotviet.vn/
]]></system-out>
  <system-err><![CDATA[Starting ChromeDriver 107.0.5304.62 (1eec40d3a5764881c92085aaee66d25075c159aa-refs/branch-heads/5304@{#942}) on port 51668
Only local connections are allowed.
Please see https://chromedriver.chromium.org/security-considerations for suggestions on keeping ChromeDriver safe.
ChromeDriver was started successfully.
Nov 27, 2022 10:47:48 PM org.openqa.selenium.remote.ProtocolHandshake createSession
INFO: Detected dialect: W3C
Nov 27, 2022 10:47:48 PM org.openqa.selenium.devtools.CdpVersionFinder findNearestMatch
WARNING: Unable to find an exact match for CDP version 107, so returning the closest version found: a no-op implementation
Nov 27, 2022 10:47:48 PM org.openqa.selenium.devtools.CdpVersionFinder findNearestMatch
INFO: Unable to find CDP implementation matching 107.
Nov 27, 2022 10:47:48 PM org.openqa.selenium.chromium.ChromiumDriver lambda$new$3
WARNING: Unable to find version of CDP to use for . You may need to include a dependency on a specific version of the CDP using something similar to `org.seleniumhq.selenium:selenium-devtools-v86:4.1.2` where the version ("v86") matches the version of the chromium-based browser you're using and the version number of the artifact is the same as Selenium's.
]]></system-err>
</testsuite>
